
Gurobi 7.0.2 (mac64) logging started Sat Mar 11 00:35:31 2017

Warning for adding variables: zero or small (< 1e-13) coefficients, ignored
Optimize a model with 7 rows, 6 columns and 15 nonzeros
Coefficient statistics:
  Matrix range     [1e+00, 1e+03]
  Objective range  [8e-01, 4e+00]
  Bounds range     [0e+00, 0e+00]
  RHS range        [3e+00, 3e+00]
Presolve removed 7 rows and 6 columns
Presolve time: 0.01s
Presolve: All rows and columns removed
Iteration    Objective       Primal Inf.    Dual Inf.      Time
       0   -1.1317382e+04   0.000000e+00   0.000000e+00      0s

Solved in 0 iterations and 0.01 seconds
Optimal objective -1.131738227e+04

Gurobi 7.0.2 (mac64) logging started Sat Mar 11 00:37:10 2017

Warning for adding variables: zero or small (< 1e-13) coefficients, ignored
Optimize a model with 7 rows, 6 columns and 15 nonzeros
Variable types: 3 continuous, 3 integer (3 binary)
Coefficient statistics:
  Matrix range     [1e+00, 1e+03]
  Objective range  [8e-01, 4e+00]
  Bounds range     [1e+00, 1e+00]
  RHS range        [3e+00, 3e+00]
Found heuristic solution: objective 0
Presolve removed 7 rows and 6 columns
Presolve time: 0.00s
Presolve: All rows and columns removed

Explored 0 nodes (0 simplex iterations) in 0.01 seconds
Thread count was 1 (of 8 available processors)

Solution count 1: -7425.88 
Pool objective bound -7425.88

Optimal solution found (tolerance 1.00e-04)
Best objective -7.425879018451e+03, best bound -7.425879018451e+03, gap 0.0000%

Gurobi 7.0.2 (mac64) logging started Sat Mar 11 00:37:31 2017

Warning for adding variables: zero or small (< 1e-13) coefficients, ignored
Optimize a model with 7 rows, 6 columns and 15 nonzeros
Variable types: 3 continuous, 3 integer (3 binary)
Coefficient statistics:
  Matrix range     [1e+00, 1e+03]
  Objective range  [9e+00, 2e+01]
  Bounds range     [1e+00, 1e+00]
  RHS range        [3e+00, 3e+00]
Found heuristic solution: objective 0
Presolve removed 7 rows and 6 columns
Presolve time: 0.00s
Presolve: All rows and columns removed

Explored 0 nodes (0 simplex iterations) in 0.00 seconds
Thread count was 1 (of 8 available processors)

Solution count 1: -36689.8 
Pool objective bound -36689.8

Optimal solution found (tolerance 1.00e-04)
Best objective -3.668982805752e+04, best bound -3.668982805752e+04, gap 0.0000%

Gurobi 7.0.2 (mac64) logging started Sat Mar 11 00:38:38 2017

Warning for adding variables: zero or small (< 1e-13) coefficients, ignored
Optimize a model with 7 rows, 6 columns and 15 nonzeros
Variable types: 3 continuous, 3 integer (3 binary)
Coefficient statistics:
  Matrix range     [1e+00, 1e+03]
  Objective range  [9e+00, 2e+01]
  Bounds range     [1e+00, 1e+00]
  RHS range        [3e+00, 3e+00]
Found heuristic solution: objective 0
Presolve removed 7 rows and 6 columns
Presolve time: 0.00s
Presolve: All rows and columns removed

Explored 0 nodes (0 simplex iterations) in 0.00 seconds
Thread count was 1 (of 8 available processors)

Solution count 1: -36689.8 
Pool objective bound -36689.8

Optimal solution found (tolerance 1.00e-04)
Best objective -3.668982805752e+04, best bound -3.668982805752e+04, gap 0.0000%

Gurobi 7.0.2 (mac64) logging started Sat Mar 11 00:39:41 2017

Warning for adding variables: zero or small (< 1e-13) coefficients, ignored
Optimize a model with 7 rows, 6 columns and 15 nonzeros
Variable types: 3 continuous, 3 integer (3 binary)
Coefficient statistics:
  Matrix range     [1e+00, 1e+03]
  Objective range  [9e+00, 2e+01]
  Bounds range     [1e+00, 1e+00]
  RHS range        [3e+00, 3e+00]
Found heuristic solution: objective 0
Presolve removed 7 rows and 6 columns
Presolve time: 0.00s
Presolve: All rows and columns removed

Explored 0 nodes (0 simplex iterations) in 0.00 seconds
Thread count was 1 (of 8 available processors)

Solution count 1: -36689.8 
Pool objective bound -36689.8

Optimal solution found (tolerance 1.00e-04)
Best objective -3.668982805752e+04, best bound -3.668982805752e+04, gap 0.0000%

Gurobi 7.0.2 (mac64) logging started Sat Mar 11 00:39:58 2017

Warning for adding variables: zero or small (< 1e-13) coefficients, ignored
Optimize a model with 7 rows, 6 columns and 15 nonzeros
Variable types: 3 continuous, 3 integer (3 binary)
Coefficient statistics:
  Matrix range     [1e+00, 1e+05]
  Objective range  [9e+00, 2e+01]
  Bounds range     [1e+00, 1e+00]
  RHS range        [3e+00, 3e+00]
Found heuristic solution: objective 0
Presolve removed 7 rows and 6 columns
Presolve time: 0.00s
Presolve: All rows and columns removed

Explored 0 nodes (0 simplex iterations) in 0.00 seconds
Thread count was 1 (of 8 available processors)

Solution count 1: -3.66898e+06 
Pool objective bound -3.66898e+06

Optimal solution found (tolerance 1.00e-04)
Best objective -3.668982805752e+06, best bound -3.668982805752e+06, gap -0.0000%

Gurobi 7.0.2 (mac64) logging started Sat Mar 11 09:09:23 2017

Warning for adding variables: zero or small (< 1e-13) coefficients, ignored
Optimize a model with 7 rows, 6 columns and 15 nonzeros
Variable types: 3 continuous, 3 integer (3 binary)
Coefficient statistics:
  Matrix range     [1e+00, 1e+05]
  Objective range  [9e+00, 2e+01]
  Bounds range     [1e+00, 1e+00]
  RHS range        [3e+00, 3e+00]
Found heuristic solution: objective 0
Presolve removed 7 rows and 6 columns
Presolve time: 0.01s
Presolve: All rows and columns removed

Explored 0 nodes (0 simplex iterations) in 0.01 seconds
Thread count was 1 (of 8 available processors)

Solution count 1: -3.66898e+06 
Pool objective bound -3.66898e+06

Optimal solution found (tolerance 1.00e-04)
Best objective -3.668982805752e+06, best bound -3.668982805752e+06, gap -0.0000%

Gurobi 7.0.2 (mac64) logging started Sat Mar 11 09:12:28 2017

Warning for adding variables: zero or small (< 1e-13) coefficients, ignored
Optimize a model with 7 rows, 6 columns and 15 nonzeros
Variable types: 3 continuous, 3 integer (3 binary)
Coefficient statistics:
  Matrix range     [1e+00, 1e+05]
  Objective range  [9e+00, 2e+01]
  Bounds range     [1e+00, 1e+00]
  RHS range        [2e+00, 2e+00]
Found heuristic solution: objective 0
Presolve removed 7 rows and 6 columns
Presolve time: 0.00s
Presolve: All rows and columns removed

Explored 0 nodes (0 simplex iterations) in 0.00 seconds
Thread count was 1 (of 8 available processors)

Solution count 1: -2.77631e+06 
Pool objective bound -2.77631e+06

Optimal solution found (tolerance 1.00e-04)
Best objective -2.776307879087e+06, best bound -2.776307879087e+06, gap -0.0000%

Gurobi 7.0.2 (mac64) logging started Sat Mar 11 09:49:00 2017

Warning for adding variables: zero or small (< 1e-13) coefficients, ignored
Optimize a model with 7 rows, 6 columns and 15 nonzeros
Model has 6 quadratic objective terms
Variable types: 3 continuous, 3 integer (3 binary)
Coefficient statistics:
  Matrix range     [1e+00, 1e+05]
  Objective range  [2e+01, 4e+01]
  QObjective range [1e+01, 6e+01]
  Bounds range     [1e+00, 1e+00]
  RHS range        [3e+00, 3e+00]
Found heuristic solution: objective 0
Presolve removed 7 rows and 3 columns
Presolve time: 0.00s
Presolved: 0 rows, 3 columns, 0 nonzeros
Presolved model has 6 quadratic objective terms
Warning: Barrier not supported for solving MIQP root relaxation
         Using dual simplex
Variable types: 3 continuous, 0 integer (0 binary)
Presolve time: 0.01s
Presolved: 0 rows, 3 columns, 0 nonzeros
Presolved model has 6 quadratic objective terms
Root barrier log...

Ordering time: 0.00s

Barrier statistics:
 Free vars  : 2
 AA' NZ     : 1.000e+00
 Factor NZ  : 3.000e+00
 Factor Ops : 5.000e+00 (less than 1 second per iteration)
 Threads    : 1

                  Objective                Residual
Iter       Primal          Dual         Primal    Dual     Compl     Time
   0   4.43749217e+10 -1.28545410e+11  1.59e+05 1.17e+05  4.25e+10     0s
   1   6.95125253e+09 -2.64959613e+10  1.67e+04 1.22e+04  6.75e+09     0s
   2   1.24757582e+09 -2.11384412e+09  1.67e-02 1.22e-02  5.60e+08     0s
   3   1.79049729e+08 -1.93728396e+08  1.67e-08 1.22e-08  6.21e+07     0s
   4   2.57053710e+07 -2.85842651e+07  3.41e-13 1.36e-12  9.05e+06     0s
   5   3.68107035e+06 -4.07029794e+06  2.27e-13 2.27e-13  1.29e+06     0s
   6   5.25814923e+05 -5.84610676e+05  4.26e-14 1.71e-12  1.85e+05     0s
   7   7.46606451e+04 -8.44324395e+04  2.13e-14 2.13e-13  2.65e+04     0s
   8   1.04305686e+04 -1.23646525e+04  7.11e-15 2.31e-13  3.80e+03     0s
   9   1.38783542e+03 -1.87636553e+03  7.11e-15 3.55e-14  5.44e+02     0s
  10   1.53031091e+02 -3.12197094e+02  1.78e-15 2.49e-14  7.75e+01     0s
  11  -1.31381729e+00 -6.54215632e+01  0.00e+00 1.42e-14  1.07e+01     0s
  12  -1.59890781e+01 -2.29555453e+01  0.00e+00 0.00e+00  1.16e+00     0s
  13  -1.68602799e+01 -1.70821852e+01  1.11e-16 1.33e-15  3.70e-02     0s
  14  -1.69829242e+01 -1.69992386e+01  0.00e+00 3.55e-15  2.72e-03     0s
  15  -1.69847987e+01 -1.69856391e+01  1.11e-16 1.33e-15  1.40e-04     0s
  16  -1.69848165e+01 -1.69848173e+01  1.11e-16 4.44e-16  1.38e-07     0s
  17  -1.69848165e+01 -1.69848165e+01  0.00e+00 3.55e-15  1.38e-10     0s

Barrier solved model in 17 iterations and 0.02 seconds
Optimal objective -1.69848165e+01


Root relaxation: objective -1.698482e+01, 0 iterations, 0.01 seconds

    Nodes    |    Current Node    |     Objective Bounds      |     Work
 Expl Unexpl |  Obj  Depth IntInf | Incumbent    BestBd   Gap | It/Node Time

*    0     0               0     -16.9848165  -16.98482  0.00%     -    0s

Explored 0 nodes (0 simplex iterations) in 0.02 seconds
Thread count was 8 (of 8 available processors)

Solution count 2: -16.9848 0 
Pool objective bound -16.9848

Optimal solution found (tolerance 1.00e-04)
Best objective -1.698481650200e+01, best bound -1.698481650200e+01, gap 0.0000%

Gurobi 7.0.2 (mac64) logging started Sat Mar 11 09:49:37 2017

Warning for adding variables: zero or small (< 1e-13) coefficients, ignored
Optimize a model with 129 rows, 128 columns and 320 nonzeros
Model has 2080 quadratic objective terms
Variable types: 64 continuous, 64 integer (64 binary)
Coefficient statistics:
  Matrix range     [1e+00, 1e+05]
  Objective range  [5e+00, 1e+03]
  QObjective range [2e-02, 3e+03]
  Bounds range     [1e+00, 1e+00]
  RHS range        [8e+00, 8e+00]
Found heuristic solution: objective 0
Presolve removed 64 rows and 0 columns
Presolve time: 0.00s
Presolved: 65 rows, 128 columns, 192 nonzeros
Presolved model has 2080 quadratic objective terms
Warning: Barrier not supported for solving MIQP root relaxation
         Using dual simplex
Variable types: 64 continuous, 64 integer (64 binary)
Warning: 1 variables dropped from basis
Warning: 1 variables dropped from basis
Warning: 1 variables dropped from basis
Warning: 1 variables dropped from basis
Warning: 1 variables dropped from basis
Warning: 1 variables dropped from basis
Warning: 1 variables dropped from basis
Warning: 1 variables dropped from basis
Warning: 1 variables dropped from basis
Warning: 1 variables dropped from basis
Warning: 1 variables dropped from basis
Warning: 1 variables dropped from basis
Warning: 1 variables dropped from basis
Warning: 1 variables dropped from basis
Warning: 1 variables dropped from basis
Warning: 1 variables dropped from basis
Warning: 1 variables dropped from basis
Warning: 1 variables dropped from basis
Warning: 1 variables dropped from basis
Warning: 1 variables dropped from basis
Warning: 1 variables dropped from basis
Warning: 1 variables dropped from basis
Warning: 1 variables dropped from basis
Warning: 1 variables dropped from basis
Warning: 1 variables dropped from basis
Warning: 1 variables dropped from basis
Warning: 1 variables dropped from basis
Warning: 1 variables dropped from basis
Warning: 1 variables dropped from basis
Warning: 1 variables dropped from basis
Warning: 1 variables dropped from basis
Warning: 1 variables dropped from basis
Warning: 1 variables dropped from basis
Warning: 1 variables dropped from basis
Warning: 1 variables dropped from basis
Warning: 1 variables dropped from basis
Warning: 1 variables dropped from basis
Warning: 1 variables dropped from basis
Warning: 1 variables dropped from basis
Warning: 1 variables dropped from basis
Warning: 1 variables dropped from basis
Warning: 1 variables dropped from basis
Warning: 1 variables dropped from basis
Warning: 1 variables dropped from basis
Warning: 1 variables dropped from basis
Warning: 1 variables dropped from basis
Warning: 1 variables dropped from basis
Warning: 1 variables dropped from basis
Warning: 1 variables dropped from basis
Warning: 1 variables dropped from basis
Warning: 1 variables dropped from basis
Warning: 1 variables dropped from basis
Warning: 1 variables dropped from basis
Warning: 1 variables dropped from basis
Warning: 1 variables dropped from basis
Warning: 1 variables dropped from basis
Warning: 1 variables dropped from basis
Warning: 1 variables dropped from basis
Warning: 1 variables dropped from basis
Warning: 1 variables dropped from basis
Warning: 1 variables dropped from basis
Warning: 1 variables dropped from basis
Warning: 1 variables dropped from basis
Warning: 1 variables dropped from basis
Warning: 1 variables dropped from basis
Warning: 1 variables dropped from basis
Warning: 1 variables dropped from basis
Warning: 1 variables dropped from basis
Warning: 1 variables dropped from basis
Warning: 1 variables dropped from basis
Warning: 1 variables dropped from basis
Warning: 1 variables dropped from basis
Warning: 1 variables dropped from basis
Warning: 1 variables dropped from basis
Warning: 1 variables dropped from basis
Warning: 1 variables dropped from basis
Warning: 1 variables dropped from basis
Warning: 1 variables dropped from basis
Warning: 1 variables dropped from basis
Warning: 1 variables dropped from basis
Warning: 1 variables dropped from basis
Warning: 1 variables dropped from basis
Warning: 1 variables dropped from basis
Warning: 1 variables dropped from basis
Warning: 1 variables dropped from basis
Warning: 1 variables dropped from basis
Warning: 1 variables dropped from basis
Warning: 1 variables dropped from basis
Warning: 1 variables dropped from basis
Warning: 1 variables dropped from basis
Warning: 1 variables dropped from basis
Warning: 1 variables dropped from basis
Warning: 1 variables dropped from basis
Warning: 1 variables dropped from basis
Warning: 1 variables dropped from basis
Warning: 1 variables dropped from basis
Warning: 1 variables dropped from basis
Warning: 1 variables dropped from basis
Warning: 1 variables dropped from basis
Warning: 1 variables dropped from basis
Warning: 1 variables dropped from basis

Root relaxation: objective -2.097980e+03, 2651 iterations, 0.12 seconds

    Nodes    |    Current Node    |     Objective Bounds      |     Work
 Expl Unexpl |  Obj  Depth IntInf | Incumbent    BestBd   Gap | It/Node Time

*    0     0               0    -2097.980396 -2097.9804  0.00%     -    0s

Explored 0 nodes (2651 simplex iterations) in 0.13 seconds
Thread count was 8 (of 8 available processors)

Solution count 2: -2097.98 0 
Pool objective bound -2097.98

Optimal solution found (tolerance 1.00e-04)
Best objective -2.097980395573e+03, best bound -2.097980395573e+03, gap 0.0000%

Gurobi 7.0.2 (mac64) logging started Sat Mar 11 09:50:24 2017

Warning for adding variables: zero or small (< 1e-13) coefficients, ignored
Optimize a model with 21 rows, 20 columns and 50 nonzeros
Model has 55 quadratic objective terms
Variable types: 10 continuous, 10 integer (10 binary)
Coefficient statistics:
  Matrix range     [1e+00, 1e+05]
  Objective range  [2e+00, 4e+01]
  QObjective range [2e-01, 1e+02]
  Bounds range     [1e+00, 1e+00]
  RHS range        [4e+00, 4e+00]
Found heuristic solution: objective 0
Presolve removed 10 rows and 0 columns
Presolve time: 0.00s
Presolved: 11 rows, 20 columns, 30 nonzeros
Presolved model has 55 quadratic objective terms
Warning: Barrier not supported for solving MIQP root relaxation
         Using dual simplex
Variable types: 10 continuous, 10 integer (10 binary)

Root relaxation: objective -3.753159e+01, 21 iterations, 0.00 seconds

    Nodes    |    Current Node    |     Objective Bounds      |     Work
 Expl Unexpl |  Obj  Depth IntInf | Incumbent    BestBd   Gap | It/Node Time

     0     0  -37.53159    0    1    0.00000  -37.53159      -     -    0s
H    0     0                     -37.5315872  -37.53159  0.00%     -    0s

Explored 0 nodes (21 simplex iterations) in 0.00 seconds
Thread count was 8 (of 8 available processors)

Solution count 2: -37.5316 0 
Pool objective bound -37.5316

Optimal solution found (tolerance 1.00e-04)
Best objective -3.753158722703e+01, best bound -3.753158722703e+01, gap 0.0000%

Gurobi 7.0.2 (mac64) logging started Sat Mar 11 10:06:14 2017

Warning for adding variables: zero or small (< 1e-13) coefficients, ignored
Optimize a model with 21 rows, 20 columns and 50 nonzeros
Model has 55 quadratic objective terms
Variable types: 10 continuous, 10 integer (10 binary)
Coefficient statistics:
  Matrix range     [1e+00, 1e+05]
  Objective range  [6e+00, 3e+02]
  QObjective range [2e+00, 5e+02]
  Bounds range     [1e+00, 1e+00]
  RHS range        [4e+00, 4e+00]
Found heuristic solution: objective 0
Presolve removed 10 rows and 0 columns
Presolve time: 0.00s
Presolved: 11 rows, 20 columns, 30 nonzeros
Presolved model has 55 quadratic objective terms
Warning: Barrier not supported for solving MIQP root relaxation
         Using dual simplex
Variable types: 10 continuous, 10 integer (10 binary)

Root relaxation: objective -1.267560e+02, 14 iterations, 0.00 seconds

    Nodes    |    Current Node    |     Objective Bounds      |     Work
 Expl Unexpl |  Obj  Depth IntInf | Incumbent    BestBd   Gap | It/Node Time

*    0     0               0    -126.7560496 -126.75605  0.00%     -    0s

Explored 0 nodes (14 simplex iterations) in 0.00 seconds
Thread count was 8 (of 8 available processors)

Solution count 2: -126.756 0 
Pool objective bound -126.756

Optimal solution found (tolerance 1.00e-04)
Warning: max constraint violation (6.4579e-02) exceeds tolerance
         (model may be infeasible or unbounded - try turning presolve off)
Best objective -1.267560495805e+02, best bound -1.267560495805e+02, gap 0.0000%

Gurobi 7.0.2 (mac64) logging started Sat Mar 11 10:09:23 2017

Warning for adding variables: zero or small (< 1e-13) coefficients, ignored
Optimize a model with 21 rows, 20 columns and 50 nonzeros
Model has 55 quadratic objective terms
Variable types: 10 continuous, 10 integer (10 binary)
Coefficient statistics:
  Matrix range     [1e+00, 1e+05]
  Objective range  [6e+00, 3e+02]
  QObjective range [2e+00, 5e+02]
  Bounds range     [1e+00, 1e+00]
  RHS range        [4e+00, 4e+00]
Found heuristic solution: objective 0
Presolve removed 10 rows and 0 columns
Presolve time: 0.00s
Presolved: 11 rows, 20 columns, 30 nonzeros
Presolved model has 55 quadratic objective terms
Warning: Barrier not supported for solving MIQP root relaxation
         Using dual simplex
Variable types: 10 continuous, 10 integer (10 binary)

Root relaxation: objective -1.267560e+02, 14 iterations, 0.00 seconds

    Nodes    |    Current Node    |     Objective Bounds      |     Work
 Expl Unexpl |  Obj  Depth IntInf | Incumbent    BestBd   Gap | It/Node Time

*    0     0               0    -126.7560496 -126.75605  0.00%     -    0s

Explored 0 nodes (14 simplex iterations) in 0.00 seconds
Thread count was 8 (of 8 available processors)

Solution count 2: -126.756 0 
Pool objective bound -126.756

Optimal solution found (tolerance 1.00e-04)
Warning: max constraint violation (6.4579e-02) exceeds tolerance
         (model may be infeasible or unbounded - try turning presolve off)
Best objective -1.267560495805e+02, best bound -1.267560495805e+02, gap 0.0000%

Gurobi 7.0.2 (mac64) logging started Sat Mar 11 10:12:28 2017

Warning for adding variables: zero or small (< 1e-13) coefficients, ignored
Optimize a model with 21 rows, 20 columns and 50 nonzeros
Model has 55 quadratic objective terms
Variable types: 10 continuous, 10 integer (10 binary)
Coefficient statistics:
  Matrix range     [1e+00, 1e+05]
  Objective range  [6e+00, 3e+02]
  QObjective range [2e+00, 5e+02]
  Bounds range     [1e+00, 1e+00]
  RHS range        [4e+00, 4e+00]
Found heuristic solution: objective 0
Presolve removed 10 rows and 0 columns
Presolve time: 0.00s
Presolved: 11 rows, 20 columns, 30 nonzeros
Presolved model has 55 quadratic objective terms
Warning: Barrier not supported for solving MIQP root relaxation
         Using dual simplex
Variable types: 10 continuous, 10 integer (10 binary)

Root relaxation: objective -1.267560e+02, 14 iterations, 0.00 seconds

    Nodes    |    Current Node    |     Objective Bounds      |     Work
 Expl Unexpl |  Obj  Depth IntInf | Incumbent    BestBd   Gap | It/Node Time

*    0     0               0    -126.7560496 -126.75605  0.00%     -    0s

Explored 0 nodes (14 simplex iterations) in 0.00 seconds
Thread count was 8 (of 8 available processors)

Solution count 2: -126.756 0 
Pool objective bound -126.756

Optimal solution found (tolerance 1.00e-04)
Warning: max constraint violation (6.4579e-02) exceeds tolerance
         (model may be infeasible or unbounded - try turning presolve off)
Best objective -1.267560495805e+02, best bound -1.267560495805e+02, gap 0.0000%

Gurobi 7.0.2 (mac64) logging started Sat Mar 11 10:14:04 2017

Warning for adding variables: zero or small (< 1e-13) coefficients, ignored
Optimize a model with 21 rows, 20 columns and 50 nonzeros
Model has 55 quadratic objective terms
Variable types: 10 continuous, 10 integer (10 binary)
Coefficient statistics:
  Matrix range     [1e+00, 1e+05]
  Objective range  [6e+00, 3e+02]
  QObjective range [2e+00, 5e+02]
  Bounds range     [1e+00, 1e+00]
  RHS range        [1e+01, 1e+01]
Found heuristic solution: objective 0
Presolve removed 21 rows and 10 columns
Presolve time: 0.00s
Presolved: 0 rows, 10 columns, 0 nonzeros
Presolved model has 55 quadratic objective terms
Warning: Barrier not supported for solving MIQP root relaxation
         Using dual simplex
Variable types: 10 continuous, 0 integer (0 binary)
Presolve time: 0.00s
Presolved: 0 rows, 10 columns, 0 nonzeros
Presolved model has 55 quadratic objective terms
Root barrier log...

Ordering time: 0.00s

Barrier statistics:
 Free vars  : 9
 AA' NZ     : 3.600e+01
 Factor NZ  : 4.500e+01
 Factor Ops : 2.850e+02 (less than 1 second per iteration)
 Threads    : 1

                  Objective                Residual
Iter       Primal          Dual         Primal    Dual     Compl     Time
   0   4.22341709e+11 -1.62426405e+12  3.25e+05 1.69e+02  1.72e+11     0s
   1   1.17432195e+11 -3.16456861e+11  3.29e+04 1.71e+01  2.68e+10     0s
   2   1.99023655e+10 -6.76776738e+10  1.80e+03 9.39e-01  4.79e+09     0s
   3   3.34820481e+09 -3.52006645e+09  1.80e-03 9.39e-07  3.43e+08     0s
   4   4.81300439e+08 -5.36968846e+08  1.80e-09 1.36e-10  5.09e+07     0s
   5   6.89894700e+07 -7.61078118e+07  1.28e-13 1.62e-10  7.25e+06     0s
   6   9.87727440e+06 -1.09126296e+07  8.53e-14 1.32e-11  1.04e+06     0s
   7   1.41061615e+06 -1.56823238e+06  1.78e-14 3.18e-12  1.49e+05     0s
   8   2.00178195e+05 -2.26701958e+05  8.88e-15 2.70e-12  2.13e+04     0s
   9   2.78983231e+04 -3.32625101e+04  2.66e-15 1.71e-12  3.06e+03     0s
  10   3.66584135e+03 -5.08215023e+03  1.78e-15 2.91e-13  4.37e+02     0s
  11   3.62502293e+02 -8.73554471e+02  4.44e-16 1.35e-13  6.18e+01     0s
  12  -6.13820150e+01 -2.18379421e+02  2.22e-16 5.68e-14  7.85e+00     0s
  13  -1.17840016e+02 -1.54072652e+02  8.33e-16 2.84e-14  1.81e+00     0s
  14  -1.25752529e+02 -1.28757121e+02  1.67e-16 2.84e-14  1.50e-01     0s
  15  -1.26650548e+02 -1.27218656e+02  2.22e-16 5.68e-14  2.84e-02     0s
  16  -1.26752044e+02 -1.26761788e+02  5.55e-17 1.42e-14  4.87e-04     0s
  17  -1.26756019e+02 -1.26756055e+02  3.96e-16 2.84e-14  1.79e-06     0s
  18  -1.26756050e+02 -1.26756050e+02  3.48e-15 2.84e-14  1.79e-09     0s

Barrier solved model in 18 iterations and 0.00 seconds
Optimal objective -1.26756050e+02


Root relaxation: objective -1.267560e+02, 0 iterations, 0.00 seconds

    Nodes    |    Current Node    |     Objective Bounds      |     Work
 Expl Unexpl |  Obj  Depth IntInf | Incumbent    BestBd   Gap | It/Node Time

*    0     0               0    -126.7560496 -126.75605  0.00%     -    0s

Explored 0 nodes (0 simplex iterations) in 0.01 seconds
Thread count was 8 (of 8 available processors)

Solution count 2: -126.756 0 
Pool objective bound -126.756

Optimal solution found (tolerance 1.00e-04)
Best objective -1.267560495503e+02, best bound -1.267560495503e+02, gap 0.0000%

Gurobi 7.0.2 (mac64) logging started Sat Mar 11 10:14:21 2017

Warning for adding variables: zero or small (< 1e-13) coefficients, ignored
Optimize a model with 21 rows, 20 columns and 50 nonzeros
Model has 55 quadratic objective terms
Variable types: 10 continuous, 10 integer (10 binary)
Coefficient statistics:
  Matrix range     [1e+00, 1e+05]
  Objective range  [6e+00, 3e+02]
  QObjective range [2e+00, 5e+02]
  Bounds range     [1e+00, 1e+00]
  RHS range        [9e+00, 9e+00]
Found heuristic solution: objective 0
Presolve removed 10 rows and 0 columns
Presolve time: 0.00s
Presolved: 11 rows, 20 columns, 30 nonzeros
Presolved model has 55 quadratic objective terms
Warning: Barrier not supported for solving MIQP root relaxation
         Using dual simplex
Variable types: 10 continuous, 10 integer (10 binary)

Root relaxation: objective -1.267560e+02, 14 iterations, 0.00 seconds

    Nodes    |    Current Node    |     Objective Bounds      |     Work
 Expl Unexpl |  Obj  Depth IntInf | Incumbent    BestBd   Gap | It/Node Time

*    0     0               0    -126.7560496 -126.75605  0.00%     -    0s

Explored 0 nodes (14 simplex iterations) in 0.00 seconds
Thread count was 8 (of 8 available processors)

Solution count 2: -126.756 0 
Pool objective bound -126.756

Optimal solution found (tolerance 1.00e-04)
Warning: max constraint violation (6.4579e-02) exceeds tolerance
         (model may be infeasible or unbounded - try turning presolve off)
Best objective -1.267560495805e+02, best bound -1.267560495805e+02, gap 0.0000%

Gurobi 7.0.2 (mac64) logging started Sat Mar 11 10:18:00 2017

Warning for adding variables: zero or small (< 1e-13) coefficients, ignored
Optimize a model with 17 rows, 16 columns and 40 nonzeros
Model has 36 quadratic objective terms
Variable types: 8 continuous, 8 integer (8 binary)
Coefficient statistics:
  Matrix range     [1e+00, 1e+03]
  Objective range  [6e+00, 3e+02]
  QObjective range [2e+01, 5e+02]
  Bounds range     [1e+00, 1e+00]
  RHS range        [3e+00, 3e+00]
Found heuristic solution: objective 0
Presolve removed 8 rows and 0 columns
Presolve time: 0.00s
Presolved: 9 rows, 16 columns, 24 nonzeros
Presolved model has 36 quadratic objective terms
Warning: Barrier not supported for solving MIQP root relaxation
         Using dual simplex
Variable types: 8 continuous, 8 integer (8 binary)

Root relaxation: objective -7.152252e+01, 16 iterations, 0.00 seconds

    Nodes    |    Current Node    |     Objective Bounds      |     Work
 Expl Unexpl |  Obj  Depth IntInf | Incumbent    BestBd   Gap | It/Node Time

     0     0  -71.52252    0    5    0.00000  -71.52252      -     -    0s
H    0     0                     -69.9852842  -71.52252  2.20%     -    0s
     0     0  -71.52252    0    3  -69.98528  -71.52252  2.20%     -    0s
H    0     0                     -71.1031216  -71.52252  0.59%     -    0s
     0     0     cutoff    0       -71.10312  -71.10312  0.00%     -    0s

Explored 0 nodes (21 simplex iterations) in 0.01 seconds
Thread count was 8 (of 8 available processors)

Solution count 3: -71.1031 -69.9853 0 
Pool objective bound -71.1031

Optimal solution found (tolerance 1.00e-04)
Best objective -7.110312159285e+01, best bound -7.110312159285e+01, gap 0.0000%

Gurobi 7.0.2 (mac64) logging started Sat Mar 11 10:18:27 2017

Warning for adding variables: zero or small (< 1e-13) coefficients, ignored
Optimize a model with 129 rows, 128 columns and 320 nonzeros
Model has 2080 quadratic objective terms
Variable types: 64 continuous, 64 integer (64 binary)
Coefficient statistics:
  Matrix range     [1e+00, 1e+03]
  Objective range  [1e+00, 3e+02]
  QObjective range [4e-03, 6e+02]
  Bounds range     [1e+00, 1e+00]
  RHS range        [8e+00, 8e+00]
Found heuristic solution: objective 0
Presolve removed 64 rows and 0 columns
Presolve time: 0.00s
Presolved: 65 rows, 128 columns, 192 nonzeros
Presolved model has 2080 quadratic objective terms
Warning: Barrier not supported for solving MIQP root relaxation
         Using dual simplex
Variable types: 64 continuous, 64 integer (64 binary)

Root relaxation: objective -5.244951e+02, 86 iterations, 0.00 seconds

    Nodes    |    Current Node    |     Objective Bounds      |     Work
 Expl Unexpl |  Obj  Depth IntInf | Incumbent    BestBd   Gap | It/Node Time

     0     0 -524.49510    0   25    0.00000 -524.49510      -     -    0s
H    0     0                    -276.4289325 -524.49510  89.7%     -    0s
H    0     0                    -521.2078792 -524.49510  0.63%     -    0s
     0     0     cutoff    0      -521.20788 -521.20788  0.00%     -    0s

Explored 0 nodes (86 simplex iterations) in 0.02 seconds
Thread count was 8 (of 8 available processors)

Solution count 3: -521.208 -276.429 0 
Pool objective bound -521.208

Optimal solution found (tolerance 1.00e-04)
Best objective -5.212078791546e+02, best bound -5.212078791546e+02, gap 0.0000%

Gurobi 7.0.2 (mac64) logging started Sat Mar 11 10:18:39 2017

Warning for adding variables: zero or small (< 1e-13) coefficients, ignored
Optimize a model with 129 rows, 128 columns and 320 nonzeros
Model has 2080 quadratic objective terms
Variable types: 64 continuous, 64 integer (64 binary)
Coefficient statistics:
  Matrix range     [1e+00, 1e+03]
  Objective range  [1e+00, 3e+02]
  QObjective range [4e-03, 6e+02]
  Bounds range     [1e+00, 1e+00]
  RHS range        [8e+00, 8e+00]
Found heuristic solution: objective 0
Presolve removed 64 rows and 0 columns
Presolve time: 0.00s
Presolved: 65 rows, 128 columns, 192 nonzeros
Presolved model has 2080 quadratic objective terms
Warning: Barrier not supported for solving MIQP root relaxation
         Using dual simplex
Variable types: 64 continuous, 64 integer (64 binary)

Root relaxation: objective -5.244951e+02, 86 iterations, 0.00 seconds

    Nodes    |    Current Node    |     Objective Bounds      |     Work
 Expl Unexpl |  Obj  Depth IntInf | Incumbent    BestBd   Gap | It/Node Time

     0     0 -524.49510    0   25    0.00000 -524.49510      -     -    0s
H    0     0                    -276.4289325 -524.49510  89.7%     -    0s
H    0     0                    -521.2078792 -524.49510  0.63%     -    0s
     0     0     cutoff    0      -521.20788 -521.20788  0.00%     -    0s

Explored 0 nodes (86 simplex iterations) in 0.03 seconds
Thread count was 8 (of 8 available processors)

Solution count 3: -521.208 -276.429 0 
Pool objective bound -521.208

Optimal solution found (tolerance 1.00e-04)
Best objective -5.212078791546e+02, best bound -5.212078791546e+02, gap 0.0000%

Gurobi 7.0.2 (mac64) logging started Sat Mar 11 10:18:44 2017

Warning for adding variables: zero or small (< 1e-13) coefficients, ignored
Optimize a model with 129 rows, 128 columns and 320 nonzeros
Model has 2080 quadratic objective terms
Variable types: 64 continuous, 64 integer (64 binary)
Coefficient statistics:
  Matrix range     [1e+00, 1e+03]
  Objective range  [1e+00, 3e+02]
  QObjective range [4e-03, 6e+02]
  Bounds range     [1e+00, 1e+00]
  RHS range        [8e+00, 8e+00]
Found heuristic solution: objective 0
Presolve removed 64 rows and 0 columns
Presolve time: 0.00s
Presolved: 65 rows, 128 columns, 192 nonzeros
Presolved model has 2080 quadratic objective terms
Warning: Barrier not supported for solving MIQP root relaxation
         Using dual simplex
Variable types: 64 continuous, 64 integer (64 binary)

Root relaxation: objective -5.244951e+02, 86 iterations, 0.00 seconds

    Nodes    |    Current Node    |     Objective Bounds      |     Work
 Expl Unexpl |  Obj  Depth IntInf | Incumbent    BestBd   Gap | It/Node Time

     0     0 -524.49510    0   25    0.00000 -524.49510      -     -    0s
H    0     0                    -276.4289325 -524.49510  89.7%     -    0s
H    0     0                    -521.2078792 -524.49510  0.63%     -    0s
     0     0     cutoff    0      -521.20788 -521.20788  0.00%     -    0s

Explored 0 nodes (86 simplex iterations) in 0.02 seconds
Thread count was 8 (of 8 available processors)

Solution count 3: -521.208 -276.429 0 
Pool objective bound -521.208

Optimal solution found (tolerance 1.00e-04)
Best objective -5.212078791546e+02, best bound -5.212078791546e+02, gap 0.0000%

Gurobi 7.0.2 (mac64) logging started Sat Mar 11 10:18:51 2017

Warning for adding variables: zero or small (< 1e-13) coefficients, ignored
Optimize a model with 129 rows, 128 columns and 320 nonzeros
Model has 2080 quadratic objective terms
Variable types: 64 continuous, 64 integer (64 binary)
Coefficient statistics:
  Matrix range     [1e+00, 1e+03]
  Objective range  [1e+00, 3e+02]
  QObjective range [4e-03, 6e+02]
  Bounds range     [1e+00, 1e+00]
  RHS range        [8e+00, 8e+00]
Found heuristic solution: objective 0
Presolve removed 64 rows and 0 columns
Presolve time: 0.00s
Presolved: 65 rows, 128 columns, 192 nonzeros
Presolved model has 2080 quadratic objective terms
Warning: Barrier not supported for solving MIQP root relaxation
         Using dual simplex
Variable types: 64 continuous, 64 integer (64 binary)

Root relaxation: objective -5.244951e+02, 86 iterations, 0.00 seconds

    Nodes    |    Current Node    |     Objective Bounds      |     Work
 Expl Unexpl |  Obj  Depth IntInf | Incumbent    BestBd   Gap | It/Node Time

     0     0 -524.49510    0   25    0.00000 -524.49510      -     -    0s
H    0     0                    -276.4289325 -524.49510  89.7%     -    0s
H    0     0                    -521.2078792 -524.49510  0.63%     -    0s
     0     0     cutoff    0      -521.20788 -521.20788  0.00%     -    0s

Explored 0 nodes (86 simplex iterations) in 0.02 seconds
Thread count was 8 (of 8 available processors)

Solution count 3: -521.208 -276.429 0 
Pool objective bound -521.208

Optimal solution found (tolerance 1.00e-04)
Best objective -5.212078791546e+02, best bound -5.212078791546e+02, gap 0.0000%

Gurobi 7.0.2 (mac64) logging started Sat Mar 11 10:20:09 2017

Warning for adding variables: zero or small (< 1e-13) coefficients, ignored
Optimize a model with 129 rows, 128 columns and 320 nonzeros
Model has 2080 quadratic objective terms
Variable types: 64 continuous, 64 integer (64 binary)
Coefficient statistics:
  Matrix range     [1e+00, 1e+03]
  Objective range  [1e+00, 3e+02]
  QObjective range [4e-03, 6e+02]
  Bounds range     [1e+00, 1e+00]
  RHS range        [8e+00, 8e+00]
Found heuristic solution: objective 0
Presolve removed 64 rows and 0 columns
Presolve time: 0.00s
Presolved: 65 rows, 128 columns, 192 nonzeros
Presolved model has 2080 quadratic objective terms
Warning: Barrier not supported for solving MIQP root relaxation
         Using dual simplex
Variable types: 64 continuous, 64 integer (64 binary)

Root relaxation: objective -5.244951e+02, 86 iterations, 0.00 seconds

    Nodes    |    Current Node    |     Objective Bounds      |     Work
 Expl Unexpl |  Obj  Depth IntInf | Incumbent    BestBd   Gap | It/Node Time

     0     0 -524.49510    0   25    0.00000 -524.49510      -     -    0s
H    0     0                    -276.4289325 -524.49510  89.7%     -    0s
H    0     0                    -521.2078792 -524.49510  0.63%     -    0s
     0     0     cutoff    0      -521.20788 -521.20788  0.00%     -    0s

Explored 0 nodes (86 simplex iterations) in 0.07 seconds
Thread count was 8 (of 8 available processors)

Solution count 3: -521.208 -276.429 0 
Pool objective bound -521.208

Optimal solution found (tolerance 1.00e-04)
Best objective -5.212078791546e+02, best bound -5.212078791546e+02, gap 0.0000%

Gurobi 7.0.2 (mac64) logging started Sat Mar 11 10:22:41 2017

Warning for adding variables: zero or small (< 1e-13) coefficients, ignored
Optimize a model with 129 rows, 128 columns and 320 nonzeros
Model has 2080 quadratic objective terms
Variable types: 64 continuous, 64 integer (64 binary)
Coefficient statistics:
  Matrix range     [1e+00, 1e+03]
  Objective range  [1e+00, 3e+02]
  QObjective range [4e-03, 6e+02]
  Bounds range     [1e+00, 1e+00]
  RHS range        [8e+00, 8e+00]
Found heuristic solution: objective 0
Presolve removed 64 rows and 0 columns
Presolve time: 0.00s
Presolved: 65 rows, 128 columns, 192 nonzeros
Presolved model has 2080 quadratic objective terms
Warning: Barrier not supported for solving MIQP root relaxation
         Using dual simplex
Variable types: 64 continuous, 64 integer (64 binary)

Root relaxation: objective -5.244951e+02, 86 iterations, 0.00 seconds

    Nodes    |    Current Node    |     Objective Bounds      |     Work
 Expl Unexpl |  Obj  Depth IntInf | Incumbent    BestBd   Gap | It/Node Time

     0     0 -524.49510    0   25    0.00000 -524.49510      -     -    0s
H    0     0                    -276.4289325 -524.49510  89.7%     -    0s
H    0     0                    -521.2078792 -524.49510  0.63%     -    0s
     0     0     cutoff    0      -521.20788 -521.20788  0.00%     -    0s

Explored 0 nodes (86 simplex iterations) in 0.02 seconds
Thread count was 8 (of 8 available processors)

Solution count 3: -521.208 -276.429 0 
Pool objective bound -521.208

Optimal solution found (tolerance 1.00e-04)
Best objective -5.212078791546e+02, best bound -5.212078791546e+02, gap 0.0000%

Gurobi 7.0.2 (mac64) logging started Sat Mar 11 10:23:31 2017

Warning for adding variables: zero or small (< 1e-13) coefficients, ignored
Optimize a model with 129 rows, 128 columns and 320 nonzeros
Model has 2080 quadratic objective terms
Variable types: 64 continuous, 64 integer (64 binary)
Coefficient statistics:
  Matrix range     [1e+00, 1e+03]
  Objective range  [1e+00, 3e+02]
  QObjective range [4e-03, 6e+02]
  Bounds range     [1e+00, 1e+00]
  RHS range        [8e+00, 8e+00]
Found heuristic solution: objective 0
Presolve removed 64 rows and 0 columns
Presolve time: 0.00s
Presolved: 65 rows, 128 columns, 192 nonzeros
Presolved model has 2080 quadratic objective terms
Warning: Barrier not supported for solving MIQP root relaxation
         Using dual simplex
Variable types: 64 continuous, 64 integer (64 binary)

Root relaxation: objective -5.244951e+02, 86 iterations, 0.00 seconds

    Nodes    |    Current Node    |     Objective Bounds      |     Work
 Expl Unexpl |  Obj  Depth IntInf | Incumbent    BestBd   Gap | It/Node Time

     0     0 -524.49510    0   25    0.00000 -524.49510      -     -    0s
H    0     0                    -276.4289325 -524.49510  89.7%     -    0s
H    0     0                    -521.2078792 -524.49510  0.63%     -    0s
     0     0     cutoff    0      -521.20788 -521.20788  0.00%     -    0s

Explored 0 nodes (86 simplex iterations) in 0.02 seconds
Thread count was 8 (of 8 available processors)

Solution count 3: -521.208 -276.429 0 
Pool objective bound -521.208

Optimal solution found (tolerance 1.00e-04)
Best objective -5.212078791546e+02, best bound -5.212078791546e+02, gap 0.0000%

Gurobi 7.0.2 (mac64) logging started Sat Mar 11 10:23:35 2017

Warning for adding variables: zero or small (< 1e-13) coefficients, ignored
Optimize a model with 129 rows, 128 columns and 320 nonzeros
Model has 2080 quadratic objective terms
Variable types: 64 continuous, 64 integer (64 binary)
Coefficient statistics:
  Matrix range     [1e+00, 1e+03]
  Objective range  [1e+00, 3e+02]
  QObjective range [4e-03, 6e+02]
  Bounds range     [1e+00, 1e+00]
  RHS range        [8e+00, 8e+00]
Found heuristic solution: objective 0
Presolve removed 64 rows and 0 columns
Presolve time: 0.00s
Presolved: 65 rows, 128 columns, 192 nonzeros
Presolved model has 2080 quadratic objective terms
Warning: Barrier not supported for solving MIQP root relaxation
         Using dual simplex
Variable types: 64 continuous, 64 integer (64 binary)

Root relaxation: objective -5.244951e+02, 86 iterations, 0.00 seconds

    Nodes    |    Current Node    |     Objective Bounds      |     Work
 Expl Unexpl |  Obj  Depth IntInf | Incumbent    BestBd   Gap | It/Node Time

     0     0 -524.49510    0   25    0.00000 -524.49510      -     -    0s
H    0     0                    -276.4289325 -524.49510  89.7%     -    0s
H    0     0                    -521.2078792 -524.49510  0.63%     -    0s
     0     0     cutoff    0      -521.20788 -521.20788  0.00%     -    0s

Explored 0 nodes (86 simplex iterations) in 0.02 seconds
Thread count was 8 (of 8 available processors)

Solution count 3: -521.208 -276.429 0 
Pool objective bound -521.208

Optimal solution found (tolerance 1.00e-04)
Best objective -5.212078791546e+02, best bound -5.212078791546e+02, gap 0.0000%

Gurobi 7.0.2 (mac64) logging started Sat Mar 11 10:23:57 2017

Warning for adding variables: zero or small (< 1e-13) coefficients, ignored
Optimize a model with 129 rows, 128 columns and 320 nonzeros
Model has 2080 quadratic objective terms
Variable types: 64 continuous, 64 integer (64 binary)
Coefficient statistics:
  Matrix range     [1e+00, 1e+03]
  Objective range  [1e+00, 3e+02]
  QObjective range [4e-03, 6e+02]
  Bounds range     [1e+00, 1e+00]
  RHS range        [8e+00, 8e+00]
Found heuristic solution: objective 0
Presolve removed 64 rows and 0 columns
Presolve time: 0.00s
Presolved: 65 rows, 128 columns, 192 nonzeros
Presolved model has 2080 quadratic objective terms
Warning: Barrier not supported for solving MIQP root relaxation
         Using dual simplex
Variable types: 64 continuous, 64 integer (64 binary)

Root relaxation: objective -5.244951e+02, 86 iterations, 0.00 seconds

    Nodes    |    Current Node    |     Objective Bounds      |     Work
 Expl Unexpl |  Obj  Depth IntInf | Incumbent    BestBd   Gap | It/Node Time

     0     0 -524.49510    0   25    0.00000 -524.49510      -     -    0s
H    0     0                    -276.4289325 -524.49510  89.7%     -    0s
H    0     0                    -521.2078792 -524.49510  0.63%     -    0s
     0     0     cutoff    0      -521.20788 -521.20788  0.00%     -    0s

Explored 0 nodes (86 simplex iterations) in 0.02 seconds
Thread count was 8 (of 8 available processors)

Solution count 3: -521.208 -276.429 0 
Pool objective bound -521.208

Optimal solution found (tolerance 1.00e-04)
Best objective -5.212078791546e+02, best bound -5.212078791546e+02, gap 0.0000%

Gurobi 7.0.2 (mac64) logging started Sat Mar 11 10:24:03 2017

Warning for adding variables: zero or small (< 1e-13) coefficients, ignored
Optimize a model with 129 rows, 128 columns and 320 nonzeros
Model has 2080 quadratic objective terms
Variable types: 64 continuous, 64 integer (64 binary)
Coefficient statistics:
  Matrix range     [1e+00, 1e+03]
  Objective range  [1e+00, 3e+02]
  QObjective range [4e-03, 6e+02]
  Bounds range     [1e+00, 1e+00]
  RHS range        [8e+00, 8e+00]
Found heuristic solution: objective 0
Presolve removed 64 rows and 0 columns
Presolve time: 0.00s
Presolved: 65 rows, 128 columns, 192 nonzeros
Presolved model has 2080 quadratic objective terms
Warning: Barrier not supported for solving MIQP root relaxation
         Using dual simplex
Variable types: 64 continuous, 64 integer (64 binary)

Root relaxation: objective -5.244951e+02, 86 iterations, 0.00 seconds

    Nodes    |    Current Node    |     Objective Bounds      |     Work
 Expl Unexpl |  Obj  Depth IntInf | Incumbent    BestBd   Gap | It/Node Time

     0     0 -524.49510    0   25    0.00000 -524.49510      -     -    0s
H    0     0                    -276.4289325 -524.49510  89.7%     -    0s
H    0     0                    -521.2078792 -524.49510  0.63%     -    0s
     0     0     cutoff    0      -521.20788 -521.20788  0.00%     -    0s

Explored 0 nodes (86 simplex iterations) in 0.03 seconds
Thread count was 8 (of 8 available processors)

Solution count 3: -521.208 -276.429 0 
Pool objective bound -521.208

Optimal solution found (tolerance 1.00e-04)
Best objective -5.212078791546e+02, best bound -5.212078791546e+02, gap 0.0000%

Gurobi 7.0.2 (mac64) logging started Sat Mar 11 10:25:11 2017

Warning for adding variables: zero or small (< 1e-13) coefficients, ignored
Optimize a model with 129 rows, 128 columns and 320 nonzeros
Model has 2080 quadratic objective terms
Variable types: 64 continuous, 64 integer (64 binary)
Coefficient statistics:
  Matrix range     [1e+00, 1e+03]
  Objective range  [1e+00, 3e+02]
  QObjective range [4e-03, 6e+02]
  Bounds range     [1e+00, 1e+00]
  RHS range        [8e+00, 8e+00]
Found heuristic solution: objective 4782.57
Presolve removed 64 rows and 0 columns
Presolve time: 0.00s
Presolved: 65 rows, 128 columns, 192 nonzeros
Presolved model has 2080 quadratic objective terms
Warning: Barrier not supported for solving MIQP root relaxation
         Using dual simplex
Variable types: 64 continuous, 64 integer (64 binary)

Root relaxation: objective 4.258073e+03, 86 iterations, 0.00 seconds

    Nodes    |    Current Node    |     Objective Bounds      |     Work
 Expl Unexpl |  Obj  Depth IntInf | Incumbent    BestBd   Gap | It/Node Time

     0     0 4258.07279    0   25 4782.56789 4258.07279  11.0%     -    0s
H    0     0                    4506.1389559 4258.07279  5.51%     -    0s
H    0     0                    4261.3600092 4258.07279  0.08%     -    0s
     0     0     cutoff    0      4261.36001 4261.36001  0.00%     -    0s

Explored 0 nodes (86 simplex iterations) in 0.02 seconds
Thread count was 8 (of 8 available processors)

Solution count 3: 4261.36 4506.14 4782.57 
Pool objective bound 4261.36

Optimal solution found (tolerance 1.00e-04)
Best objective 4.261360009191e+03, best bound 4.261360009191e+03, gap 0.0000%

Gurobi 7.0.2 (mac64) logging started Sat Mar 11 10:28:36 2017

Warning for adding variables: zero or small (< 1e-13) coefficients, ignored
Optimize a model with 129 rows, 128 columns and 320 nonzeros
Model has 2080 quadratic objective terms
Variable types: 64 continuous, 64 integer (64 binary)
Coefficient statistics:
  Matrix range     [1e+00, 1e+03]
  Objective range  [1e+00, 3e+02]
  QObjective range [4e-03, 6e+02]
  Bounds range     [1e+00, 1e+00]
  RHS range        [8e+00, 8e+00]
Found heuristic solution: objective 4782.57
Presolve removed 64 rows and 0 columns
Presolve time: 0.00s
Presolved: 65 rows, 128 columns, 192 nonzeros
Presolved model has 2080 quadratic objective terms
Warning: Barrier not supported for solving MIQP root relaxation
         Using dual simplex
Variable types: 64 continuous, 64 integer (64 binary)

Root relaxation: objective 4.258073e+03, 86 iterations, 0.00 seconds

    Nodes    |    Current Node    |     Objective Bounds      |     Work
 Expl Unexpl |  Obj  Depth IntInf | Incumbent    BestBd   Gap | It/Node Time

     0     0 4258.07279    0   25 4782.56789 4258.07279  11.0%     -    0s
H    0     0                    4506.1389559 4258.07279  5.51%     -    0s
H    0     0                    4261.3600092 4258.07279  0.08%     -    0s
     0     0     cutoff    0      4261.36001 4261.36001  0.00%     -    0s

Explored 0 nodes (86 simplex iterations) in 0.02 seconds
Thread count was 8 (of 8 available processors)

Solution count 3: 4261.36 4506.14 4782.57 
Pool objective bound 4261.36

Optimal solution found (tolerance 1.00e-04)
Best objective 4.261360009191e+03, best bound 4.261360009191e+03, gap 0.0000%

Gurobi 7.0.2 (mac64) logging started Sat Mar 11 10:28:48 2017

Warning for adding variables: zero or small (< 1e-13) coefficients, ignored
Optimize a model with 129 rows, 128 columns and 320 nonzeros
Model has 2080 quadratic objective terms
Variable types: 64 continuous, 64 integer (64 binary)
Coefficient statistics:
  Matrix range     [1e+00, 1e+03]
  Objective range  [1e+00, 3e+02]
  QObjective range [4e-03, 6e+02]
  Bounds range     [1e+00, 1e+00]
  RHS range        [8e+00, 8e+00]
Found heuristic solution: objective 4782.57
Presolve removed 64 rows and 0 columns
Presolve time: 0.00s
Presolved: 65 rows, 128 columns, 192 nonzeros
Presolved model has 2080 quadratic objective terms
Warning: Barrier not supported for solving MIQP root relaxation
         Using dual simplex
Variable types: 64 continuous, 64 integer (64 binary)

Root relaxation: objective 4.258073e+03, 86 iterations, 0.00 seconds

    Nodes    |    Current Node    |     Objective Bounds      |     Work
 Expl Unexpl |  Obj  Depth IntInf | Incumbent    BestBd   Gap | It/Node Time

     0     0 4258.07279    0   25 4782.56789 4258.07279  11.0%     -    0s
H    0     0                    4506.1389559 4258.07279  5.51%     -    0s
H    0     0                    4261.3600092 4258.07279  0.08%     -    0s
     0     0     cutoff    0      4261.36001 4261.36001  0.00%     -    0s

Explored 0 nodes (86 simplex iterations) in 0.02 seconds
Thread count was 8 (of 8 available processors)

Solution count 3: 4261.36 4506.14 4782.57 
Pool objective bound 4261.36

Optimal solution found (tolerance 1.00e-04)
Best objective 4.261360009191e+03, best bound 4.261360009191e+03, gap 0.0000%

Gurobi 7.0.2 (mac64) logging started Sat Mar 11 10:29:01 2017

Warning for adding variables: zero or small (< 1e-13) coefficients, ignored
Optimize a model with 129 rows, 128 columns and 320 nonzeros
Model has 2080 quadratic objective terms
Variable types: 64 continuous, 64 integer (64 binary)
Coefficient statistics:
  Matrix range     [1e+00, 1e+03]
  Objective range  [1e+00, 3e+02]
  QObjective range [4e-03, 6e+02]
  Bounds range     [1e+00, 1e+00]
  RHS range        [8e+00, 8e+00]
Found heuristic solution: objective 4782.57
Presolve removed 64 rows and 0 columns
Presolve time: 0.00s
Presolved: 65 rows, 128 columns, 192 nonzeros
Presolved model has 2080 quadratic objective terms
Warning: Barrier not supported for solving MIQP root relaxation
         Using dual simplex
Variable types: 64 continuous, 64 integer (64 binary)

Root relaxation: objective 4.258073e+03, 86 iterations, 0.00 seconds

    Nodes    |    Current Node    |     Objective Bounds      |     Work
 Expl Unexpl |  Obj  Depth IntInf | Incumbent    BestBd   Gap | It/Node Time

     0     0 4258.07279    0   25 4782.56789 4258.07279  11.0%     -    0s
H    0     0                    4506.1389559 4258.07279  5.51%     -    0s
H    0     0                    4261.3600092 4258.07279  0.08%     -    0s
     0     0     cutoff    0      4261.36001 4261.36001  0.00%     -    0s

Explored 0 nodes (86 simplex iterations) in 0.02 seconds
Thread count was 8 (of 8 available processors)

Solution count 3: 4261.36 4506.14 4782.57 
Pool objective bound 4261.36

Optimal solution found (tolerance 1.00e-04)
Best objective 4.261360009191e+03, best bound 4.261360009191e+03, gap 0.0000%

Gurobi 7.0.2 (mac64) logging started Sat Mar 11 10:29:11 2017

Warning for adding variables: zero or small (< 1e-13) coefficients, ignored
Optimize a model with 129 rows, 128 columns and 320 nonzeros
Model has 2080 quadratic objective terms
Variable types: 64 continuous, 64 integer (64 binary)
Coefficient statistics:
  Matrix range     [1e+00, 1e+03]
  Objective range  [1e+00, 3e+02]
  QObjective range [4e-03, 6e+02]
  Bounds range     [1e+00, 1e+00]
  RHS range        [8e+00, 8e+00]
Found heuristic solution: objective 4782.57
Presolve removed 64 rows and 0 columns
Presolve time: 0.00s
Presolved: 65 rows, 128 columns, 192 nonzeros
Presolved model has 2080 quadratic objective terms
Warning: Barrier not supported for solving MIQP root relaxation
         Using dual simplex
Variable types: 64 continuous, 64 integer (64 binary)

Root relaxation: objective 4.258073e+03, 86 iterations, 0.00 seconds

    Nodes    |    Current Node    |     Objective Bounds      |     Work
 Expl Unexpl |  Obj  Depth IntInf | Incumbent    BestBd   Gap | It/Node Time

     0     0 4258.07279    0   25 4782.56789 4258.07279  11.0%     -    0s
H    0     0                    4506.1389559 4258.07279  5.51%     -    0s
H    0     0                    4261.3600092 4258.07279  0.08%     -    0s
     0     0     cutoff    0      4261.36001 4261.36001  0.00%     -    0s

Explored 0 nodes (86 simplex iterations) in 0.02 seconds
Thread count was 8 (of 8 available processors)

Solution count 3: 4261.36 4506.14 4782.57 
Pool objective bound 4261.36

Optimal solution found (tolerance 1.00e-04)
Best objective 4.261360009191e+03, best bound 4.261360009191e+03, gap 0.0000%

Gurobi 7.0.2 (mac64) logging started Sat Mar 11 10:29:13 2017

Warning for adding variables: zero or small (< 1e-13) coefficients, ignored
Optimize a model with 129 rows, 128 columns and 320 nonzeros
Model has 2080 quadratic objective terms
Variable types: 64 continuous, 64 integer (64 binary)
Coefficient statistics:
  Matrix range     [1e+00, 1e+03]
  Objective range  [1e+00, 3e+02]
  QObjective range [4e-03, 6e+02]
  Bounds range     [1e+00, 1e+00]
  RHS range        [8e+00, 8e+00]
Found heuristic solution: objective 4782.57
Presolve removed 64 rows and 0 columns
Presolve time: 0.00s
Presolved: 65 rows, 128 columns, 192 nonzeros
Presolved model has 2080 quadratic objective terms
Warning: Barrier not supported for solving MIQP root relaxation
         Using dual simplex
Variable types: 64 continuous, 64 integer (64 binary)

Root relaxation: objective 4.258073e+03, 86 iterations, 0.00 seconds

    Nodes    |    Current Node    |     Objective Bounds      |     Work
 Expl Unexpl |  Obj  Depth IntInf | Incumbent    BestBd   Gap | It/Node Time

     0     0 4258.07279    0   25 4782.56789 4258.07279  11.0%     -    0s
H    0     0                    4506.1389559 4258.07279  5.51%     -    0s
H    0     0                    4261.3600092 4258.07279  0.08%     -    0s
     0     0     cutoff    0      4261.36001 4261.36001  0.00%     -    0s

Explored 0 nodes (86 simplex iterations) in 0.02 seconds
Thread count was 8 (of 8 available processors)

Solution count 3: 4261.36 4506.14 4782.57 
Pool objective bound 4261.36

Optimal solution found (tolerance 1.00e-04)
Best objective 4.261360009191e+03, best bound 4.261360009191e+03, gap 0.0000%

Gurobi 7.0.2 (mac64) logging started Sat Mar 11 10:29:26 2017

Warning for adding variables: zero or small (< 1e-13) coefficients, ignored
Optimize a model with 129 rows, 128 columns and 320 nonzeros
Model has 2080 quadratic objective terms
Variable types: 64 continuous, 64 integer (64 binary)
Coefficient statistics:
  Matrix range     [1e+00, 1e+03]
  Objective range  [1e+00, 3e+02]
  QObjective range [4e-03, 6e+02]
  Bounds range     [1e+00, 1e+00]
  RHS range        [8e+00, 8e+00]
Found heuristic solution: objective 4782.57
Presolve removed 64 rows and 0 columns
Presolve time: 0.00s
Presolved: 65 rows, 128 columns, 192 nonzeros
Presolved model has 2080 quadratic objective terms
Warning: Barrier not supported for solving MIQP root relaxation
         Using dual simplex
Variable types: 64 continuous, 64 integer (64 binary)

Root relaxation: objective 4.258073e+03, 86 iterations, 0.00 seconds

    Nodes    |    Current Node    |     Objective Bounds      |     Work
 Expl Unexpl |  Obj  Depth IntInf | Incumbent    BestBd   Gap | It/Node Time

     0     0 4258.07279    0   25 4782.56789 4258.07279  11.0%     -    0s
H    0     0                    4506.1389559 4258.07279  5.51%     -    0s
H    0     0                    4261.3600092 4258.07279  0.08%     -    0s
     0     0     cutoff    0      4261.36001 4261.36001  0.00%     -    0s

Explored 0 nodes (86 simplex iterations) in 0.02 seconds
Thread count was 8 (of 8 available processors)

Solution count 3: 4261.36 4506.14 4782.57 
Pool objective bound 4261.36

Optimal solution found (tolerance 1.00e-04)
Best objective 4.261360009191e+03, best bound 4.261360009191e+03, gap 0.0000%

Gurobi 7.0.2 (mac64) logging started Sat Mar 11 10:29:31 2017

Warning for adding variables: zero or small (< 1e-13) coefficients, ignored
Optimize a model with 129 rows, 128 columns and 320 nonzeros
Model has 2080 quadratic objective terms
Variable types: 64 continuous, 64 integer (64 binary)
Coefficient statistics:
  Matrix range     [1e+00, 1e+03]
  Objective range  [1e+00, 3e+02]
  QObjective range [4e-03, 6e+02]
  Bounds range     [1e+00, 1e+00]
  RHS range        [8e+00, 8e+00]
Found heuristic solution: objective 4782.57
Presolve removed 64 rows and 0 columns
Presolve time: 0.00s
Presolved: 65 rows, 128 columns, 192 nonzeros
Presolved model has 2080 quadratic objective terms
Warning: Barrier not supported for solving MIQP root relaxation
         Using dual simplex
Variable types: 64 continuous, 64 integer (64 binary)

Root relaxation: objective 4.258073e+03, 86 iterations, 0.00 seconds

    Nodes    |    Current Node    |     Objective Bounds      |     Work
 Expl Unexpl |  Obj  Depth IntInf | Incumbent    BestBd   Gap | It/Node Time

     0     0 4258.07279    0   25 4782.56789 4258.07279  11.0%     -    0s
H    0     0                    4506.1389559 4258.07279  5.51%     -    0s
H    0     0                    4261.3600092 4258.07279  0.08%     -    0s
     0     0     cutoff    0      4261.36001 4261.36001  0.00%     -    0s

Explored 0 nodes (86 simplex iterations) in 0.02 seconds
Thread count was 8 (of 8 available processors)

Solution count 3: 4261.36 4506.14 4782.57 
Pool objective bound 4261.36

Optimal solution found (tolerance 1.00e-04)
Best objective 4.261360009191e+03, best bound 4.261360009191e+03, gap 0.0000%

Gurobi 7.0.2 (mac64) logging started Sat Mar 11 10:29:46 2017

Warning for adding variables: zero or small (< 1e-13) coefficients, ignored
Optimize a model with 129 rows, 128 columns and 320 nonzeros
Model has 2080 quadratic objective terms
Variable types: 64 continuous, 64 integer (64 binary)
Coefficient statistics:
  Matrix range     [1e+00, 1e+03]
  Objective range  [1e+00, 3e+02]
  QObjective range [4e-03, 6e+02]
  Bounds range     [1e+00, 1e+00]
  RHS range        [8e+00, 8e+00]
Found heuristic solution: objective 4782.57
Presolve removed 64 rows and 0 columns
Presolve time: 0.00s
Presolved: 65 rows, 128 columns, 192 nonzeros
Presolved model has 2080 quadratic objective terms
Warning: Barrier not supported for solving MIQP root relaxation
         Using dual simplex
Variable types: 64 continuous, 64 integer (64 binary)

Root relaxation: objective 4.258073e+03, 86 iterations, 0.00 seconds

    Nodes    |    Current Node    |     Objective Bounds      |     Work
 Expl Unexpl |  Obj  Depth IntInf | Incumbent    BestBd   Gap | It/Node Time

     0     0 4258.07279    0   25 4782.56789 4258.07279  11.0%     -    0s
H    0     0                    4506.1389559 4258.07279  5.51%     -    0s
H    0     0                    4261.3600092 4258.07279  0.08%     -    0s
     0     0     cutoff    0      4261.36001 4261.36001  0.00%     -    0s

Explored 0 nodes (86 simplex iterations) in 0.02 seconds
Thread count was 8 (of 8 available processors)

Solution count 3: 4261.36 4506.14 4782.57 
Pool objective bound 4261.36

Optimal solution found (tolerance 1.00e-04)
Best objective 4.261360009191e+03, best bound 4.261360009191e+03, gap 0.0000%
